0 info it worked if it ends with ok
1 verbose cli [ 'C:\\Program Files\\nodejs\\node.exe',
1 verbose cli   'C:\\Program Files\\nodejs\\node_modules\\npm\\bin\\npm-cli.js',
1 verbose cli   'start' ]
2 info using npm@3.10.10
3 info using node@v6.9.5
4 verbose run-script [ 'prestart', 'start', 'poststart' ]
5 info lifecycle mhss-client@0.1.0~prestart: mhss-client@0.1.0
6 silly lifecycle mhss-client@0.1.0~prestart: no script for prestart, continuing
7 info lifecycle mhss-client@0.1.0~start: mhss-client@0.1.0
8 verbose lifecycle mhss-client@0.1.0~start: unsafe-perm in lifecycle true
9 verbose lifecycle mhss-client@0.1.0~start: PATH: C:\Program Files\nodejs\node_modules\npm\bin\node-gyp-bin;D:\mhbg\web\node_modules\.bin;C:\Perl\site\bin;C:\Perl\bin;C:\Program Files (x86)\AMD APP\bin\x86_64;C:\Program Files (x86)\AMD APP\bin\x86;C:\Windows\system32;C:\Windows;C:\Windows\System32\Wbem;C:\Windows\System32\WindowsPowerShell\v1.0\;C:\Program Files (x86)\Intel\OpenCL SDK\2.0\bin\x86;C:\Program Files (x86)\Intel\OpenCL SDK\2.0\bin\x64;c:\Program Files (x86)\Microsoft SQL Server\100\Tools\Binn\;c:\Program Files\Microsoft SQL Server\100\Tools\Binn\;c:\Program Files\Microsoft SQL Server\100\DTS\Binn\;D:\NSIS;C:\Users\bjj\AppData\Roaming\nvm;C:\Program Files\nodejs;C:\Program Files (x86)\Microsoft SDKs\TypeScript\1.0\;D:\NSIS;C:\Program Files (x86)\Microsoft SQL Server\80\Tools\Binn\;d:\instantclient_11_2;C:\Python27;C:\Program Files\CMake\bin;C:\Program Files\Git\cmd;C:\Program Files (x86)\Brackets\command;C:\Program Files\MySQL\MySQL Utilities 1.6\;C:\Program Files\Java\jdk1.8.0_121\bin;C:\Users\bjj\AppData\Roaming\npm;C:\Users\bjj\AppData\Local\atom\bin;C:\Program Files (x;C:\Program Files\nodejs\;C:\Program Files (x86)\NSIS;C:\Program Files (x86)\Microsoft VS Code\bin;C:\Users\bjj\.gradle\wrapper\dists\gradle-3.3-all\55gk2rcmfc6p2dg9u9ohc3hw9\gradle-3.3\bin;D:\phabricator\arcanist\arcanist\bin;D:\phabricator\php;D:\phabricator\php\ext;C:\Program Files (x86)\GnuWin32\bin;C:\Program Files (x86)\Notepad++;C:\Program Files\TortoiseSVN\bin;C:\Users\bjj\AppData\Roaming\npm;C:\Program Files (x86)\NSIS
10 verbose lifecycle mhss-client@0.1.0~start: CWD: D:\mhbg\web
11 silly lifecycle mhss-client@0.1.0~start: Args: [ '/d /s /c',
11 silly lifecycle   'dora -p 8001 --plugins "webpack,hmr,proxy,livereload?enableJs=false&injectHost=127.0.0.1,browser-history?index=/src/entries/index.html"' ]
12 silly lifecycle mhss-client@0.1.0~start: Returned: code: 3221225786  signal: null
13 info lifecycle mhss-client@0.1.0~start: Failed to exec start script
14 verbose stack Error: mhss-client@0.1.0 start: `dora -p 8001 --plugins "webpack,hmr,proxy,livereload?enableJs=false&injectHost=127.0.0.1,browser-history?index=/src/entries/index.html"`
14 verbose stack Exit status 3221225786
14 verbose stack     at EventEmitter.<anonymous> (C:\Program Files\nodejs\node_modules\npm\lib\utils\lifecycle.js:255:16)
14 verbose stack     at emitTwo (events.js:106:13)
14 verbose stack     at EventEmitter.emit (events.js:191:7)
14 verbose stack     at ChildProcess.<anonymous> (C:\Program Files\nodejs\node_modules\npm\lib\utils\spawn.js:40:14)
14 verbose stack     at emitTwo (events.js:106:13)
14 verbose stack     at ChildProcess.emit (events.js:191:7)
14 verbose stack     at maybeClose (internal/child_process.js:877:16)
14 verbose stack     at Process.ChildProcess._handle.onexit (internal/child_process.js:226:5)
15 verbose pkgid mhss-client@0.1.0
16 verbose cwd D:\mhbg\web
17 error Windows_NT 6.1.7601
18 error argv "C:\\Program Files\\nodejs\\node.exe" "C:\\Program Files\\nodejs\\node_modules\\npm\\bin\\npm-cli.js" "start"
19 error node v6.9.5
20 error npm  v3.10.10
21 error code ELIFECYCLE
22 error mhss-client@0.1.0 start: `dora -p 8001 --plugins "webpack,hmr,proxy,livereload?enableJs=false&injectHost=127.0.0.1,browser-history?index=/src/entries/index.html"`
22 error Exit status 3221225786
23 error Failed at the mhss-client@0.1.0 start script 'dora -p 8001 --plugins "webpack,hmr,proxy,livereload?enableJs=false&injectHost=127.0.0.1,browser-history?index=/src/entries/index.html"'.
23 error Make sure you have the latest version of node.js and npm installed.
23 error If you do, this is most likely a problem with the mhss-client package,
23 error not with npm itself.
23 error Tell the author that this fails on your system:
23 error     dora -p 8001 --plugins "webpack,hmr,proxy,livereload?enableJs=false&injectHost=127.0.0.1,browser-history?index=/src/entries/index.html"
23 error You can get information on how to open an issue for this project with:
23 error     npm bugs mhss-client
23 error Or if that isn't available, you can get their info via:
23 error     npm owner ls mhss-client
23 error There is likely additional logging output above.
24 verbose exit [ 1, true ]
